<?xml version="1.0" encoding="UTF-8"?>
<!-- Generated by org.testng.reporters.JUnitReportReporter -->
<testsuite hostname="LP-5CG0386Q82" failures="0" tests="3" name="com.Saucedemo_tests.LoginPageTest" time="44.164" errors="0" timestamp="2023-01-16T20:09:53 IST" skipped="0">
  <testcase classname="com.Saucedemo_tests.LoginPageTest" name="verifyLogo" time="15.282"/>
  <system-out/>
  <testcase classname="com.Saucedemo_tests.LoginPageTest" name="verifyLogin" time="13.018"/>
  <system-out/>
  <testcase classname="com.Saucedemo_tests.LoginPageTest" name="verifyLogin" time="15.864"/>
  <system-out/>
</testsuite> <!-- com.Saucedemo_tests.LoginPageTest -->
