<?xml version="1.0" encoding="UTF-8"?>
<!-- Generated by org.testng.reporters.JUnitReportReporter -->
<testsuite hostname="LP-5CG0386Q82" failures="0" tests="1" name="com.Saucedemo_tests.AddCartTest" time="9.970" errors="0" timestamp="2023-01-16T11:06:16 IST" skipped="0">
  <testcase classname="com.Saucedemo_tests.AddCartTest" name="Cart" time="9.970"/>
  <system-out/>
</testsuite> <!-- com.Saucedemo_tests.AddCartTest -->
